# JRE version: OpenJDK Runtime Environment GraalVM CE 22.3.0 (17.0.5+8) (build 17.0.5+8-jvmci-22.3-b08)
# Java VM: OpenJDK 64-Bit Server VM GraalVM CE 22.3.0 (17.0.5+8-jvmci-22.3-b08, mixed mode, sharing, tiered, jvmci, jvmci compiler, compressed oops, compressed class ptrs, parallel gc, linux-amd64)
GC Precious Log:
 CPUs: 8 total, 1 available
 Memory: 1024M
 Large Page Support: Disabled
 NUMA Support: Disabled
 Compressed Oops: Enabled (32-bit)
 Alignments: Space 512K, Generation 512K, Heap 2M
 Heap Min Capacity: 100M
 Heap Initial Capacity: 100M
 Heap Max Capacity: 512M
 Pre-touch: Disabled
 Parallel Workers: 1
Heap:
 PSYoungGen      total 63488K, used 44032K [0x00000000f5580000, 0x00000000fcf80000, 0x0000000100000000)
  eden space 44032K, 100% used [0x00000000f5580000,0x00000000f8080000,0x00000000f8080000)
  from space 19456K, 0% used [0x00000000f8080000,0x00000000f8080000,0x00000000f9380000)
  to   space 36864K, 0% used [0x00000000fab80000,0x00000000fab80000,0x00000000fcf80000)
 ParOldGen       total 349696K, used 349695K [0x00000000e0000000, 0x00000000f5580000, 0x00000000f5580000)
  object space 349696K, 99% used [0x00000000e0000000,0x00000000f557fff8,0x00000000f5580000)
 Metaspace       used 50149K, committed 51072K, reserved 1097728K
  class space    used 4946K, committed 5312K, reserved 1048576K
GC Heap History (20 events):
Event: 891.794 GC heap before
{Heap before GC invocations=682 (full 622):
 PSYoungGen      total 63488K, used 44031K [0x00000000f5580000, 0x00000000fcf80000, 0x0000000100000000)
  eden space 44032K, 99% used [0x00000000f5580000,0x00000000f807ff90,0x00000000f8080000)
  from space 19456K, 0% used [0x00000000f8080000,0x00000000f8080000,0x00000000f9380000)
  to   space 36864K, 0% used [0x00000000fab80000,0x00000000fab80000,0x00000000fcf80000)
 ParOldGen       total 349696K, used 349695K [0x00000000e0000000, 0x00000000f5580000, 0x00000000f5580000)
  object space 349696K, 99% used [0x00000000e0000000,0x00000000f557ff60,0x00000000f5580000)
 Metaspace       used 50146K, committed 51072K, reserved 1097728K
  class space    used 4945K, committed 5312K, reserved 1048576K
}
Event: 893.096 GC heap after
{Heap after GC invocations=682 (full 622):
 PSYoungGen      total 80896K, used 44031K [0x00000000f5580000, 0x00000000fcf80000, 0x0000000100000000)
  eden space 44032K, 99% used [0x00000000f5580000,0x00000000f807ff90,0x00000000f8080000)
  from space 36864K, 0% used [0x00000000fab80000,0x00000000fab80000,0x00000000fcf80000)
  to   space 19456K, 0% used [0x00000000f8080000,0x00000000f8080000,0x00000000f9380000)
 ParOldGen       total 349696K, used 349695K [0x00000000e0000000, 0x00000000f5580000, 0x00000000f5580000)
  object space 349696K, 99% used [0x00000000e0000000,0x00000000f557ff60,0x00000000f5580000)
 Metaspace       used 50146K, committed 51072K, reserved 1097728K
  class space    used 4945K, committed 5312K, reserved 1048576K
}
Event: 893.096 GC heap before
{Heap before GC invocations=683 (full 623):
 PSYoungGen      total 80896K, used 44031K [0x00000000f5580000, 0x00000000fcf80000, 0x0000000100000000)
  eden space 44032K, 99% used [0x00000000f5580000,0x00000000f807ff90,0x00000000f8080000)
  from space 36864K, 0% used [0x00000000fab80000,0x00000000fab80000,0x00000000fcf80000)
  to   space 19456K, 0% used [0x00000000f8080000,0x00000000f8080000,0x00000000f9380000)
 ParOldGen       total 349696K, used 349695K [0x00000000e0000000, 0x00000000f5580000, 0x00000000f5580000)
  object space 349696K, 99% used [0x00000000e0000000,0x00000000f557ff60,0x00000000f5580000)
 Metaspace       used 50146K, committed 51072K, reserved 1097728K
  class space    used 4945K, committed 5312K, reserved 1048576K
}
Event: 894.337 GC heap after
{Heap after GC invocations=683 (full 623):
 PSYoungGen      total 63488K, used 44031K [0x00000000f5580000, 0x00000000fcf80000, 0x0000000100000000)
  eden space 44032K, 99% used [0x00000000f5580000,0x00000000f807ff90,0x00000000f8080000)
  from space 19456K, 0% used [0x00000000f8080000,0x00000000f8080000,0x00000000f9380000)
  to   space 36864K, 0% used [0x00000000fab80000,0x00000000fab80000,0x00000000fcf80000)
 ParOldGen       total 349696K, used 349695K [0x00000000e0000000, 0x00000000f5580000, 0x00000000f5580000)
  object space 349696K, 99% used [0x00000000e0000000,0x00000000f557ff60,0x00000000f5580000)
 Metaspace       used 50146K, committed 51072K, reserved 1097728K
  class space    used 4945K, committed 5312K, reserved 1048576K
}
Event: 894.338 GC heap before
{Heap before GC invocations=684 (full 624):
 PSYoungGen      total 63488K, used 44031K [0x00000000f5580000, 0x00000000fcf80000, 0x0000000100000000)
  eden space 44032K, 99% used [0x00000000f5580000,0x00000000f807fff8,0x00000000f8080000)
  from space 19456K, 0% used [0x00000000f8080000,0x00000000f8080000,0x00000000f9380000)
  to   space 36864K, 0% used [0x00000000fab80000,0x00000000fab80000,0x00000000fcf80000)
 ParOldGen       total 349696K, used 349695K [0x00000000e0000000, 0x00000000f5580000, 0x00000000f5580000)
  object space 349696K, 99% used [0x00000000e0000000,0x00000000f557ff90,0x00000000f5580000)
 Metaspace       used 50146K, committed 51072K, reserved 1097728K
  class space    used 4945K, committed 5312K, reserved 1048576K
}
Event: 895.616 GC heap after
{Heap after GC invocations=684 (full 624):
 PSYoungGen      total 80896K, used 44031K [0x00000000f5580000, 0x00000000fcf80000, 0x0000000100000000)
  eden space 44032K, 99% used [0x00000000f5580000,0x00000000f807ffe0,0x00000000f8080000)
  from space 36864K, 0% used [0x00000000fab80000,0x00000000fab80000,0x00000000fcf80000)
  to   space 19456K, 0% used [0x00000000f8080000,0x00000000f8080000,0x00000000f9380000)
 ParOldGen       total 349696K, used 349695K [0x00000000e0000000, 0x00000000f5580000, 0x00000000f5580000)
  object space 349696K, 99% used [0x00000000e0000000,0x00000000f557ff90,0x00000000f5580000)
 Metaspace       used 50146K, committed 51072K, reserved 1097728K
  class space    used 4945K, committed 5312K, reserved 1048576K
}
Event: 895.616 GC heap before
{Heap before GC invocations=685 (full 625):
 PSYoungGen      total 80896K, used 44031K [0x00000000f5580000, 0x00000000fcf80000, 0x0000000100000000)
  eden space 44032K, 99% used [0x00000000f5580000,0x00000000f807ffe0,0x00000000f8080000)
  from space 36864K, 0% used [0x00000000fab80000,0x00000000fab80000,0x00000000fcf80000)
  to   space 19456K, 0% used [0x00000000f8080000,0x00000000f8080000,0x00000000f9380000)
 ParOldGen       total 349696K, used 349695K [0x00000000e0000000, 0x00000000f5580000, 0x00000000f5580000)
  object space 349696K, 99% used [0x00000000e0000000,0x00000000f557ff90,0x00000000f5580000)
 Metaspace       used 50146K, committed 51072K, reserved 1097728K
  class space    used 4945K, committed 5312K, reserved 1048576K
}
Event: 897.007 GC heap after
{Heap after GC invocations=685 (full 625):
 PSYoungGen      total 63488K, used 44031K [0x00000000f5580000, 0x00000000fcf80000, 0x0000000100000000)
  eden space 44032K, 99% used [0x00000000f5580000,0x00000000f807ffe0,0x00000000f8080000)
  from space 19456K, 0% used [0x00000000f8080000,0x00000000f8080000,0x00000000f9380000)
  to   space 36864K, 0% used [0x00000000fab80000,0x00000000fab80000,0x00000000fcf80000)
 ParOldGen       total 349696K, used 349695K [0x00000000e0000000, 0x00000000f5580000, 0x00000000f5580000)
  object space 349696K, 99% used [0x00000000e0000000,0x00000000f557ff90,0x00000000f5580000)
 Metaspace       used 50146K, committed 51072K, reserved 1097728K
  class space    used 4945K, committed 5312K, reserved 1048576K
}
Event: 897.007 GC heap before
{Heap before GC invocations=686 (full 626):
 PSYoungGen      total 63488K, used 44031K [0x00000000f5580000, 0x00000000fcf80000, 0x0000000100000000)
  eden space 44032K, 99% used [0x00000000f5580000,0x00000000f807ffe0,0x00000000f8080000)
  from space 19456K, 0% used [0x00000000f8080000,0x00000000f8080000,0x00000000f9380000)
  to   space 36864K, 0% used [0x00000000fab80000,0x00000000fab80000,0x00000000fcf80000)
 ParOldGen       total 349696K, used 349695K [0x00000000e0000000, 0x00000000f5580000, 0x00000000f5580000)
  object space 349696K, 99% used [0x00000000e0000000,0x00000000f557ff90,0x00000000f5580000)
 Metaspace       used 50146K, committed 51072K, reserved 1097728K
  class space    used 4945K, committed 5312K, reserved 1048576K
}
Event: 898.354 GC heap after
{Heap after GC invocations=686 (full 626):
 PSYoungGen      total 80896K, used 44031K [0x00000000f5580000, 0x00000000fcf80000, 0x0000000100000000)
  eden space 44032K, 99% used [0x00000000f5580000,0x00000000f807ffe0,0x00000000f8080000)
  from space 36864K, 0% used [0x00000000fab80000,0x00000000fab80000,0x00000000fcf80000)
  to   space 19456K, 0% used [0x00000000f8080000,0x00000000f8080000,0x00000000f9380000)
 ParOldGen       total 349696K, used 349695K [0x00000000e0000000, 0x00000000f5580000, 0x00000000f5580000)
  object space 349696K, 99% used [0x00000000e0000000,0x00000000f557ff90,0x00000000f5580000)
 Metaspace       used 50146K, committed 51072K, reserved 1097728K
  class space    used 4945K, committed 5312K, reserved 1048576K
}
Event: 898.354 GC heap before
{Heap before GC invocations=687 (full 627):
 PSYoungGen      total 80896K, used 44031K [0x00000000f5580000, 0x00000000fcf80000, 0x0000000100000000)
  eden space 44032K, 99% used [0x00000000f5580000,0x00000000f807ffe0,0x00000000f8080000)
  from space 36864K, 0% used [0x00000000fab80000,0x00000000fab80000,0x00000000fcf80000)
  to   space 19456K, 0% used [0x00000000f8080000,0x00000000f8080000,0x00000000f9380000)
 ParOldGen       total 349696K, used 349695K [0x00000000e0000000, 0x00000000f5580000, 0x00000000f5580000)
  object space 349696K, 99% used [0x00000000e0000000,0x00000000f557ff90,0x00000000f5580000)
 Metaspace       used 50146K, committed 51072K, reserved 1097728K
  class space    used 4945K, committed 5312K, reserved 1048576K
}
Event: 899.716 GC heap after
{Heap after GC invocations=687 (full 627):
 PSYoungGen      total 63488K, used 44031K [0x00000000f5580000, 0x00000000fcf80000, 0x0000000100000000)
  eden space 44032K, 99% used [0x00000000f5580000,0x00000000f807ffe0,0x00000000f8080000)
  from space 19456K, 0% used [0x00000000f8080000,0x00000000f8080000,0x00000000f9380000)
  to   space 36864K, 0% used [0x00000000fab80000,0x00000000fab80000,0x00000000fcf80000)
 ParOldGen       total 349696K, used 349695K [0x00000000e0000000, 0x00000000f5580000, 0x00000000f5580000)
  object space 349696K, 99% used [0x00000000e0000000,0x00000000f557ff90,0x00000000f5580000)
 Metaspace       used 50146K, committed 51072K, reserved 1097728K
  class space    used 4945K, committed 5312K, reserved 1048576K
}
Event: 899.716 GC heap before
{Heap before GC invocations=688 (full 628):
 PSYoungGen      total 63488K, used 44031K [0x00000000f5580000, 0x00000000fcf80000, 0x0000000100000000)
  eden space 44032K, 99% used [0x00000000f5580000,0x00000000f807fff8,0x00000000f8080000)
  from space 19456K, 0% used [0x00000000f8080000,0x00000000f8080000,0x00000000f9380000)
  to   space 36864K, 0% used [0x00000000fab80000,0x00000000fab80000,0x00000000fcf80000)
 ParOldGen       total 349696K, used 349695K [0x00000000e0000000, 0x00000000f5580000, 0x00000000f5580000)
  object space 349696K, 99% used [0x00000000e0000000,0x00000000f557fff0,0x00000000f5580000)
 Metaspace       used 50148K, committed 51072K, reserved 1097728K
  class space    used 4946K, committed 5312K, reserved 1048576K
}
Event: 901.000 GC heap after
{Heap after GC invocations=688 (full 628):
 PSYoungGen      total 80896K, used 44031K [0x00000000f5580000, 0x00000000fcf80000, 0x0000000100000000)
  eden space 44032K, 99% used [0x00000000f5580000,0x00000000f807ffb0,0x00000000f8080000)
  from space 36864K, 0% used [0x00000000fab80000,0x00000000fab80000,0x00000000fcf80000)
  to   space 19456K, 0% used [0x00000000f8080000,0x00000000f8080000,0x00000000f9380000)
 ParOldGen       total 349696K, used 349694K [0x00000000e0000000, 0x00000000f5580000, 0x00000000f5580000)
  object space 349696K, 99% used [0x00000000e0000000,0x00000000f557fbd0,0x00000000f5580000)
 Metaspace       used 50148K, committed 51072K, reserved 1097728K
  class space    used 4946K, committed 5312K, reserved 1048576K
}
Event: 901.001 GC heap before
{Heap before GC invocations=689 (full 629):
 PSYoungGen      total 80896K, used 44032K [0x00000000f5580000, 0x00000000fcf80000, 0x0000000100000000)
  eden space 44032K, 100% used [0x00000000f5580000,0x00000000f8080000,0x00000000f8080000)
  from space 36864K, 0% used [0x00000000fab80000,0x00000000fab80000,0x00000000fcf80000)
  to   space 19456K, 0% used [0x00000000f8080000,0x00000000f8080000,0x00000000f9380000)
 ParOldGen       total 349696K, used 349694K [0x00000000e0000000, 0x00000000f5580000, 0x00000000f5580000)
  object space 349696K, 99% used [0x00000000e0000000,0x00000000f557fbd0,0x00000000f5580000)
 Metaspace       used 50148K, committed 51072K, reserved 1097728K
  class space    used 4946K, committed 5312K, reserved 1048576K
}
Event: 902.394 GC heap after
{Heap after GC invocations=689 (full 629):
 PSYoungGen      total 63488K, used 44031K [0x00000000f5580000, 0x00000000fcf80000, 0x0000000100000000)
  eden space 44032K, 99% used [0x00000000f5580000,0x00000000f807ffe0,0x00000000f8080000)
  from space 19456K, 0% used [0x00000000f8080000,0x00000000f8080000,0x00000000f9380000)
  to   space 36864K, 0% used [0x00000000fab80000,0x00000000fab80000,0x00000000fcf80000)
 ParOldGen       total 349696K, used 349694K [0x00000000e0000000, 0x00000000f5580000, 0x00000000f5580000)
  object space 349696K, 99% used [0x00000000e0000000,0x00000000f557fbd0,0x00000000f5580000)
 Metaspace       used 50148K, committed 51072K, reserved 1097728K
  class space    used 4946K, committed 5312K, reserved 1048576K
}
Event: 902.395 GC heap before
{Heap before GC invocations=690 (full 630):
 PSYoungGen      total 63488K, used 44032K [0x00000000f5580000, 0x00000000fcf80000, 0x0000000100000000)
  eden space 44032K, 100% used [0x00000000f5580000,0x00000000f8080000,0x00000000f8080000)
  from space 19456K, 0% used [0x00000000f8080000,0x00000000f8080000,0x00000000f9380000)
  to   space 36864K, 0% used [0x00000000fab80000,0x00000000fab80000,0x00000000fcf80000)
 ParOldGen       total 349696K, used 349695K [0x00000000e0000000, 0x00000000f5580000, 0x00000000f5580000)
  object space 349696K, 99% used [0x00000000e0000000,0x00000000f557ff48,0x00000000f5580000)
 Metaspace       used 50149K, committed 51072K, reserved 1097728K
  class space    used 4946K, committed 5312K, reserved 1048576K
}
Event: 903.793 GC heap after
{Heap after GC invocations=690 (full 630):
 PSYoungGen      total 80896K, used 44031K [0x00000000f5580000, 0x00000000fcf80000, 0x0000000100000000)
  eden space 44032K, 99% used [0x00000000f5580000,0x00000000f807ff98,0x00000000f8080000)
  from space 36864K, 0% used [0x00000000fab80000,0x00000000fab80000,0x00000000fcf80000)
  to   space 19456K, 0% used [0x00000000f8080000,0x00000000f8080000,0x00000000f9380000)
 ParOldGen       total 349696K, used 349695K [0x00000000e0000000, 0x00000000f5580000, 0x00000000f5580000)
  object space 349696K, 99% used [0x00000000e0000000,0x00000000f557fd48,0x00000000f5580000)
 Metaspace       used 50149K, committed 51072K, reserved 1097728K
  class space    used 4946K, committed 5312K, reserved 1048576K
}
Event: 903.793 GC heap before
{Heap before GC invocations=691 (full 631):
 PSYoungGen      total 80896K, used 44031K [0x00000000f5580000, 0x00000000fcf80000, 0x0000000100000000)
  eden space 44032K, 99% used [0x00000000f5580000,0x00000000f807ff98,0x00000000f8080000)
  from space 36864K, 0% used [0x00000000fab80000,0x00000000fab80000,0x00000000fcf80000)
  to   space 19456K, 0% used [0x00000000f8080000,0x00000000f8080000,0x00000000f9380000)
 ParOldGen       total 349696K, used 349695K [0x00000000e0000000, 0x00000000f5580000, 0x00000000f5580000)
  object space 349696K, 99% used [0x00000000e0000000,0x00000000f557fd48,0x00000000f5580000)
 Metaspace       used 50149K, committed 51072K, reserved 1097728K
  class space    used 4946K, committed 5312K, reserved 1048576K
}
Event: 905.037 GC heap after
{Heap after GC invocations=691 (full 631):
 PSYoungGen      total 63488K, used 44031K [0x00000000f5580000, 0x00000000fcf80000, 0x0000000100000000)
  eden space 44032K, 99% used [0x00000000f5580000,0x00000000f807ff98,0x00000000f8080000)
  from space 19456K, 0% used [0x00000000f8080000,0x00000000f8080000,0x00000000f9380000)
  to   space 36864K, 0% used [0x00000000fab80000,0x00000000fab80000,0x00000000fcf80000)
 ParOldGen       total 349696K, used 349695K [0x00000000e0000000, 0x00000000f5580000, 0x00000000f5580000)
  object space 349696K, 99% used [0x00000000e0000000,0x00000000f557fd48,0x00000000f5580000)
 Metaspace       used 50149K, committed 51072K, reserved 1097728K
  class space    used 4946K, committed 5312K, reserved 1048576K
}

